2025-01-08T06:53:06.561Z A guest tried to create a user 
 with an email: ellvis@email.com that already exists
2025-01-08T07:05:27.559Z The user with the id 677e20cc0451e16e0aaea067 tried to fetch another users profile with the id of :id
2025-01-08T07:05:33.599Z The user with the id 677e20cc0451e16e0aaea067 tried to fetch another users profile with the id of :id
2025-01-08T07:05:34.745Z The user with the id 677e20cc0451e16e0aaea067 tried to fetch another users profile with the id of :id
2025-01-08T07:05:35.863Z The user with the id 677e20cc0451e16e0aaea067 tried to fetch another users profile with the id of :id
2025-01-08T07:05:41.550Z The user with the id 677e20cc0451e16e0aaea067 tried to fetch another users profile with the id of :id
2025-01-08T07:05:42.885Z The user with the id 677e20cc0451e16e0aaea067 tried to fetch another users profile with the id of :id
2025-01-08T07:05:44.424Z The user with the id 677e20cc0451e16e0aaea067 tried to fetch another users profile with the id of :id
2025-01-08T07:06:34.049Z The user with the id 677e20cc0451e16e0aaea067 tried to fetch another users profile with the id of :id
2025-01-08T07:06:35.745Z The user with the id 677e20cc0451e16e0aaea067 tried to fetch another users profile with the id of :id
2025-01-08T07:07:18.001Z The user with the id 677e20cc0451e16e0aaea067 tried to fetch another users profile with the id of :id
2025-01-08T07:08:28.096Z The user with the id 677e20cc0451e16e0aaea067 tried to fetch another users profile with the id of :id
2025-01-08T16:53:59.938Z A guest tried to create a user 
 with an email: jimmy@email.com that already exists
2025-01-08T17:08:06.859Z A guest tried to create a user 
 with an email: slippingj@email.com that already exists
2025-01-08T17:08:30.528Z A guest tried to create a user 
 with an email: slippingj@email.com that already exists
2025-01-08T17:08:31.122Z A guest tried to create a user 
 with an email: slippingj@email.com that already exists
2025-01-08T17:24:19.497Z The user with the id 677e20cc0451e16e0aaea067 tried to fetch another users profile with the id of 677eb3d56a0d84d8e91d2343
2025-01-08T17:25:02.211Z A Non admin type user tried to fetch all users 
 user id: 677eb3d56a0d84d8e91d2343
2025-01-08T17:31:41.568Z A User with the id of: 677d25d5c97e8b2f1fc16a13 
 tried to edit the user with the id of: 
 677eb3d56a0d84d8e91d2343
2025-01-08T17:37:44.329Z A User with the id of: 677d25d5c97e8b2f1fc16a13 
 tried to edit the user with the id of: 
 677eb3d56a0d84d8e91d2343
2025-01-08T17:41:06.132Z A User with the id of: 677d25d5c97e8b2f1fc16a14 
 tried to edit the user with the id of: 
 677eb3d56a0d84d8e91d2343
2025-01-08T19:12:10.267Z A non autherized user tried to send a http request to the server
2025-01-08T19:12:15.053Z user: 677ecc6e88a0f5e182de7212 which is not a business user tried to create a business card
2025-01-08T19:12:15.127Z user: 677ecc6e88a0f5e182de7212 which is not a business user tried to create a business card
2025-01-08T19:16:09.685Z card with the id of 677ecc6e88a0f5e182de7211 was not found in the database
2025-01-08T19:16:36.663Z card with the id of 677ece22265124b8734ff57d was not found in the database
2025-01-08T19:16:55.133Z A User with the id of: 677ecc6e88a0f5e182de7212 
 tried to edit the card with the id of: 
 677ece22b65124b8734ff57d
2025-01-08T19:17:27.374Z A non autherized user tried to send a http request to the server
